Arguments: 
  C:\Program Files\nodejs\node.exe C:\Program Files (x86)\Yarn\bin\yarn.js

PATH: 
  C:\ProgramData\Oracle\Java\javapath;C:\Windows\system32;C:\Windows;C:\Windows\System32\Wbem;C:\Windows\System32\WindowsPowerShell\v1.0\;C:\Program Files\Microsoft\Web Platform Installer\;C:\Program Files (x86)\Microsoft ASP.NET\ASP.NET Web Pages\v1.0\;C:\Program Files (x86)\Windows Kits\8.0\Windows Performance Toolkit\;C:\Program Files\Microsoft SQL Server\110\Tools\Binn\;C:\Program Files (x86)\Windows Kits\8.1\Windows Performance Toolkit\;C:\Go\bin;C:\Program Files\nodejs\;C:\Program Files (x86)\Yarn\bin\;C:\Program Files\TortoiseGit\bin;C:\Program Files\Git\cmd;;C:\Program Files\Java\jdk1.8.0_211\bin;C:\tizen-studio\tools\ide\bin;C:\ProgramData\Oracle\Java\javapath;C:\Windows\system32;C:\Windows;C:\Windows\System32\Wbem;C:\Windows\System32\WindowsPowerShell\v1.0\;C:\Program Files\Microsoft\Web Platform Installer\;C:\Program Files (x86)\Microsoft ASP.NET\ASP.NET Web Pages\v1.0\;C:\Program Files (x86)\Windows Kits\8.0\Windows Performance Toolkit\;C:\Program Files\Microsoft SQL Server\110\Tools\Binn\;C:\Program Files (x86)\Windows Kits\8.1\Windows Performance Toolkit\;C:\Go\bin;C:\Users\Admin\AppData\Local\Microsoft\WindowsApps;F:\Code\gocode\bin;C:\Users\Admin\AppData\Local\Programs\Microsoft VS Code\bin;C:\Users\Admin\AppData\Roaming\npm;C:\Users\Admin\AppData\Local\Yarn\bin

Yarn version: 
  1.15.2

Node version: 
  10.15.3

Platform: 
  win32 x64

Trace: 
  SyntaxError: F:\Tai lieu\IT\Phat\drapdropsystem\package.json: Unexpected token / in JSON at position 815
      at JSON.parse (<anonymous>)
      at C:\Program Files (x86)\Yarn\lib\cli.js:1625:59
      at Generator.next (<anonymous>)
      at step (C:\Program Files (x86)\Yarn\lib\cli.js:304:30)
      at C:\Program Files (x86)\Yarn\lib\cli.js:315:13

npm manifest: 
  {
    "name": "keysystem",
    "version": "1.0.0",
    "description": "",
    "main": "dist/keysystem.min.js",
    "dependencies": {},
    "devDependencies": {
      "@babel/core": "^7.4.5",
      "@babel/preset-env": "^7.4.5",
      "babel-loader": "^8.0.6",
      "babel-minify-webpack-plugin": "^0.3.1",
      "clean-webpack-plugin": "^2.0.2",
      "html-webpack-plugin": "^3.2.0",
      "rimraf": "^2.6.3",
      "terser-webpack-plugin": "^1.3.0",
      "webpack": "^4.32.2",
      "webpack-cli": "^3.3.2",
      "webpack-dev-server": "^3.4.1",
      "jquery": "2.2.4"
    },
    "scripts": {
      "prebuild": "rimraf dist",
      "build": "yarn run prebuild && webpack -p --mode production --config webpack.config.prod.js",
      "dev": "webpack-dev-server --mode development --config webpack.config.dev.js"
    },
    "repository": {
      "type": "git",
      // "url": "https://project.fptplay.net/phat7049/keysystem.git"
    },
    "author": "",
    "license": "ISC"
  }

yarn manifest: 
  No manifest

Lockfile: 
  No lockfile
